This is pdfTeX, Version 3.14159265-2.6-1.40.17 (MiKTeX 2.9) (preloaded format=pdftex 2016.9.25)  25 SEP 2016 15:54
entering extended mode
**./problem.tex
(problem.tex
! Undefined control sequence.
l.1 \problemname
                {Mastering Mastermind}
? 
! Undefined control sequence.
l.4 first person (the {\em
                           code maker}) creates a sequence of $n$ colored pe...

? 
! Undefined control sequence.
l.6 {\em
         code}.
? 
! Undefined control sequence.
l.8 The second person (the {\em
                                code breaker}) has the job of trying to dete...

? 
! Undefined control sequence.
l.13 \begin
           {itemize}
? 
! Extra }, or forgotten $.
\llap #1->\hbox to\z@ {\hss #1}
                               
\textindent #1->\indent \llap {#1\enspace }
                                           \ignorespaces 
l.14 \item $
            r =$ the number of pegs that are identical in both color and pos...

? 
! Extra }, or forgotten $.
\llap #1->\hbox to\z@ {\hss #1}
                               
\textindent #1->\indent \llap {#1\enspace }
                                           \ignorespaces 
l.16 \item $
            s =$ the number of remaining pegs that are identical in color bu...

? 
! Missing } inserted.
<inserted text> 
                }
<to be read again> 
                   \end 
l.18 \end
         {itemize}
? 
! Missing } inserted.
<inserted text> 
                }
<to be read again> 
                   \end 
l.18 \end
         {itemize}
? 
[1{C:/ProgramData/MiKTeX/2.9/pdftex/config/pdftex.map}] )<C:/Program Files (x86
)/MiKTeX 2.9/fonts/type1/public/amsfonts/cm/cmmi10.pfb><C:/Program Files (x86)/
MiKTeX 2.9/fonts/type1/public/amsfonts/cm/cmr10.pfb>
Output written on problem.pdf (1 page, 26979 bytes).
PDF statistics:
 14 PDF objects out of 1000 (max. 8388607)
 0 named destinations out of 1000 (max. 500000)
 1 words of extra memory for PDF output out of 10000 (max. 10000000)

